TypeError: Assignment to constant variable.
    at /Users/Krystal/Desktop/lfz/c9.17_study_partners/server/api.js:24:19
    at Layer.handle [as handle_request] (/Users/Krystal/Desktop/lfz/c9.17_study_partners/server/node_modules/express/lib/router/layer.js:95:5)
    at next (/Users/Krystal/Desktop/lfz/c9.17_study_partners/server/node_modules/express/lib/router/route.js:137:13)
    at Route.dispatch (/Users/Krystal/Desktop/lfz/c9.17_study_partners/server/node_modules/express/lib/router/route.js:112:3)
    at Layer.handle [as handle_request] (/Users/Krystal/Desktop/lfz/c9.17_study_partners/server/node_modules/express/lib/router/layer.js:95:5)
    at /Users/Krystal/Desktop/lfz/c9.17_study_partners/server/node_modules/express/lib/router/index.js:281:22
    at Function.process_params (/Users/Krystal/Desktop/lfz/c9.17_study_partners/server/node_modules/express/lib/router/index.js:335:12)
    at next (/Users/Krystal/Desktop/lfz/c9.17_study_partners/server/node_modules/express/lib/router/index.js:275:10)
    at SessionStrategy.strategy.pass (/Users/Krystal/Desktop/lfz/c9.17_study_partners/server/node_modules/passport/lib/middleware/authenticate.js:338:9)
    at /Users/Krystal/Desktop/lfz/c9.17_study_partners/server/node_modules/passport/lib/strategies/session.js:69:12
TypeError: Assignment to constant variable.
    at /Users/Krystal/Desktop/lfz/c9.17_study_partners/server/api.js:24:19
    at Layer.handle [as handle_request] (/Users/Krystal/Desktop/lfz/c9.17_study_partners/server/node_modules/express/lib/router/layer.js:95:5)
    at next (/Users/Krystal/Desktop/lfz/c9.17_study_partners/server/node_modules/express/lib/router/route.js:137:13)
    at Route.dispatch (/Users/Krystal/Desktop/lfz/c9.17_study_partners/server/node_modules/express/lib/router/route.js:112:3)
    at Layer.handle [as handle_request] (/Users/Krystal/Desktop/lfz/c9.17_study_partners/server/node_modules/express/lib/router/layer.js:95:5)
    at /Users/Krystal/Desktop/lfz/c9.17_study_partners/server/node_modules/express/lib/router/index.js:281:22
    at Function.process_params (/Users/Krystal/Desktop/lfz/c9.17_study_partners/server/node_modules/express/lib/router/index.js:335:12)
    at next (/Users/Krystal/Desktop/lfz/c9.17_study_partners/server/node_modules/express/lib/router/index.js:275:10)
    at SessionStrategy.strategy.pass (/Users/Krystal/Desktop/lfz/c9.17_study_partners/server/node_modules/passport/lib/middleware/authenticate.js:338:9)
    at /Users/Krystal/Desktop/lfz/c9.17_study_partners/server/node_modules/passport/lib/strategies/session.js:69:12
TypeError: Assignment to constant variable.
    at /Users/Krystal/Desktop/lfz/c9.17_study_partners/server/api.js:24:19
    at Layer.handle [as handle_request] (/Users/Krystal/Desktop/lfz/c9.17_study_partners/server/node_modules/express/lib/router/layer.js:95:5)
    at next (/Users/Krystal/Desktop/lfz/c9.17_study_partners/server/node_modules/express/lib/router/route.js:137:13)
    at Route.dispatch (/Users/Krystal/Desktop/lfz/c9.17_study_partners/server/node_modules/express/lib/router/route.js:112:3)
    at Layer.handle [as handle_request] (/Users/Krystal/Desktop/lfz/c9.17_study_partners/server/node_modules/express/lib/router/layer.js:95:5)
    at /Users/Krystal/Desktop/lfz/c9.17_study_partners/server/node_modules/express/lib/router/index.js:281:22
    at Function.process_params (/Users/Krystal/Desktop/lfz/c9.17_study_partners/server/node_modules/express/lib/router/index.js:335:12)
    at next (/Users/Krystal/Desktop/lfz/c9.17_study_partners/server/node_modules/express/lib/router/index.js:275:10)
    at SessionStrategy.strategy.pass (/Users/Krystal/Desktop/lfz/c9.17_study_partners/server/node_modules/passport/lib/middleware/authenticate.js:338:9)
    at /Users/Krystal/Desktop/lfz/c9.17_study_partners/server/node_modules/passport/lib/strategies/session.js:69:12
TypeError: Assignment to constant variable.
    at /Users/Krystal/Desktop/lfz/c9.17_study_partners/server/api.js:24:19
    at Layer.handle [as handle_request] (/Users/Krystal/Desktop/lfz/c9.17_study_partners/server/node_modules/express/lib/router/layer.js:95:5)
    at next (/Users/Krystal/Desktop/lfz/c9.17_study_partners/server/node_modules/express/lib/router/route.js:137:13)
    at Route.dispatch (/Users/Krystal/Desktop/lfz/c9.17_study_partners/server/node_modules/express/lib/router/route.js:112:3)
    at Layer.handle [as handle_request] (/Users/Krystal/Desktop/lfz/c9.17_study_partners/server/node_modules/express/lib/router/layer.js:95:5)
    at /Users/Krystal/Desktop/lfz/c9.17_study_partners/server/node_modules/express/lib/router/index.js:281:22
    at Function.process_params (/Users/Krystal/Desktop/lfz/c9.17_study_partners/server/node_modules/express/lib/router/index.js:335:12)
    at next (/Users/Krystal/Desktop/lfz/c9.17_study_partners/server/node_modules/express/lib/router/index.js:275:10)
    at SessionStrategy.strategy.pass (/Users/Krystal/Desktop/lfz/c9.17_study_partners/server/node_modules/passport/lib/middleware/authenticate.js:338:9)
    at /Users/Krystal/Desktop/lfz/c9.17_study_partners/server/node_modules/passport/lib/strategies/session.js:69:12
TypeError: Assignment to constant variable.
    at /Users/Krystal/Desktop/lfz/c9.17_study_partners/server/api.js:24:19
    at Layer.handle [as handle_request] (/Users/Krystal/Desktop/lfz/c9.17_study_partners/server/node_modules/express/lib/router/layer.js:95:5)
    at next (/Users/Krystal/Desktop/lfz/c9.17_study_partners/server/node_modules/express/lib/router/route.js:137:13)
    at Route.dispatch (/Users/Krystal/Desktop/lfz/c9.17_study_partners/server/node_modules/express/lib/router/route.js:112:3)
    at Layer.handle [as handle_request] (/Users/Krystal/Desktop/lfz/c9.17_study_partners/server/node_modules/express/lib/router/layer.js:95:5)
    at /Users/Krystal/Desktop/lfz/c9.17_study_partners/server/node_modules/express/lib/router/index.js:281:22
    at Function.process_params (/Users/Krystal/Desktop/lfz/c9.17_study_partners/server/node_modules/express/lib/router/index.js:335:12)
    at next (/Users/Krystal/Desktop/lfz/c9.17_study_partners/server/node_modules/express/lib/router/index.js:275:10)
    at SessionStrategy.strategy.pass (/Users/Krystal/Desktop/lfz/c9.17_study_partners/server/node_modules/passport/lib/middleware/authenticate.js:338:9)
    at /Users/Krystal/Desktop/lfz/c9.17_study_partners/server/node_modules/passport/lib/strategies/session.js:69:12
TypeError: Assignment to constant variable.
    at /Users/Krystal/Desktop/lfz/c9.17_study_partners/server/api.js:24:19
    at Layer.handle [as handle_request] (/Users/Krystal/Desktop/lfz/c9.17_study_partners/server/node_modules/express/lib/router/layer.js:95:5)
    at next (/Users/Krystal/Desktop/lfz/c9.17_study_partners/server/node_modules/express/lib/router/route.js:137:13)
    at Route.dispatch (/Users/Krystal/Desktop/lfz/c9.17_study_partners/server/node_modules/express/lib/router/route.js:112:3)
    at Layer.handle [as handle_request] (/Users/Krystal/Desktop/lfz/c9.17_study_partners/server/node_modules/express/lib/router/layer.js:95:5)
    at /Users/Krystal/Desktop/lfz/c9.17_study_partners/server/node_modules/express/lib/router/index.js:281:22
    at Function.process_params (/Users/Krystal/Desktop/lfz/c9.17_study_partners/server/node_modules/express/lib/router/index.js:335:12)
    at next (/Users/Krystal/Desktop/lfz/c9.17_study_partners/server/node_modules/express/lib/router/index.js:275:10)
    at SessionStrategy.strategy.pass (/Users/Krystal/Desktop/lfz/c9.17_study_partners/server/node_modules/passport/lib/middleware/authenticate.js:338:9)
    at /Users/Krystal/Desktop/lfz/c9.17_study_partners/server/node_modules/passport/lib/strategies/session.js:69:12
